<?xml version="1.0" encoding="UTF-8"?>
<testsuite name="com.apgsga.maven.impl.resolver.ResolverBuilderTest" tests="6" skipped="0" failures="0" errors="0" timestamp="2020-02-04T14:05:57" hostname="chhexbook.affichage-p.ch" time="0.074">
  <properties/>
  <testcase name="PatchFileVersionResolverBuilder with Parent Dir Name and Filename after build()" classname="com.apgsga.maven.impl.resolver.ResolverBuilderTest" time="0.058"/>
  <testcase name="PatchFileVersionResolverBuilder with File()" classname="com.apgsga.maven.impl.resolver.ResolverBuilderTest" time="0.001"/>
  <testcase name="PatchFileVersionResolverBuilder with Patch File and Patch File Name()" classname="com.apgsga.maven.impl.resolver.ResolverBuilderTest" time="0.004"/>
  <testcase name="PatchFileVersionResolverBuilder Filename only after build()" classname="com.apgsga.maven.impl.resolver.ResolverBuilderTest" time="0.002"/>
  <testcase name="PatchFileVersionResolverBuilder with Parent Dir and Filename after build()" classname="com.apgsga.maven.impl.resolver.ResolverBuilderTest" time="0.003"/>
  <testcase name="PatchFileVersionResolverBuilder with Parent Dir and Parent Dir Name()" classname="com.apgsga.maven.impl.resolver.ResolverBuilderTest" time="0.002"/>
  <system-out><![CDATA[dirSeperator:/
]]></system-out>
  <system-err><![CDATA[]]></system-err>
</testsuite>
