<?xml version="1.0" encoding="UTF-8"?>
<testsuite name="com.apgsga.maven.impl.resolver.BomManagerArtifactVersionResolverTest" tests="2" skipped="0" failures="0" errors="0" timestamp="2020-02-04T14:06:00" hostname="chhexbook.affichage-p.ch" time="0.081">
  <properties/>
  <testcase name="getVersion Simple Test with nested Bom recursive" classname="com.apgsga.maven.impl.resolver.BomManagerArtifactVersionResolverTest" time="0.035"/>
  <testcase name="getVersion Simple Test with nested Bom not recursive" classname="com.apgsga.maven.impl.resolver.BomManagerArtifactVersionResolverTest" time="0.046"/>
  <system-out><![CDATA[]]></system-out>
  <system-err><![CDATA[[Test worker] INFO com.apgsga.maven.impl.bom.MavenBomManagerDefault - Loading Maven Model
[Test worker] INFO com.apgsga.maven.impl.bom.MavenBomManagerDefault - Loading Maven Model
[Test worker] INFO com.apgsga.maven.impl.bom.MavenBomManagerDefault - Loading Maven Model done.
[Test worker] INFO com.apgsga.maven.impl.bom.MavenBomManagerDefault - Loading Maven Model done.
[Test worker] INFO com.apgsga.maven.impl.bom.MavenBomManagerDefault - Loading Maven Model
[Test worker] INFO com.apgsga.maven.impl.bom.MavenBomManagerDefault - Loading Maven Model done.
]]></system-err>
</testsuite>
