<?xml version="1.0" encoding="UTF-8"?>
<testsuite name="com.apgsga.maven.impl.bom.MavenBomManagerDefaultTests" tests="12" skipped="0" failures="0" errors="0" timestamp="2020-02-04T14:05:59" hostname="chhexbook.affichage-p.ch" time="0.707">
  <properties/>
  <testcase name="Retrieve model from simple Bom " classname="com.apgsga.maven.impl.bom.MavenBomManagerDefaultTests" time="0.326"/>
  <testcase name="Retrieve model from nested Bom" classname="com.apgsga.maven.impl.bom.MavenBomManagerDefaultTests" time="0.032"/>
  <testcase name="Retrieve model from nested Bom with some additional artifacts" classname="com.apgsga.maven.impl.bom.MavenBomManagerDefaultTests" time="0.028"/>
  <testcase name="Retrieve empty Model from  nested Bom with any own artifacts non recursively" classname="com.apgsga.maven.impl.bom.MavenBomManagerDefaultTests" time="0.03"/>
  <testcase name="Retrieve model from nested Bom with some own artifacts non recursively" classname="com.apgsga.maven.impl.bom.MavenBomManagerDefaultTests" time="0.027"/>
  <testcase name="Retrieve intersection from same pom" classname="com.apgsga.maven.impl.bom.MavenBomManagerDefaultTests" time="0.036"/>
  <testcase name="Retrieve intersection with two different pom's recursively, one including the other" classname="com.apgsga.maven.impl.bom.MavenBomManagerDefaultTests" time="0.027"/>
  <testcase name="Retrieve intersection with two different pom not recursively, one including the other" classname="com.apgsga.maven.impl.bom.MavenBomManagerDefaultTests" time="0.037"/>
  <testcase name="Retrieve intersection from two different pom's recursively" classname="com.apgsga.maven.impl.bom.MavenBomManagerDefaultTests" time="0.034"/>
  <testcase name="Retrieve intersection with two different pom's non recursively" classname="com.apgsga.maven.impl.bom.MavenBomManagerDefaultTests" time="0.031"/>
  <testcase name="Properties from simple Bom" classname="com.apgsga.maven.impl.bom.MavenBomManagerDefaultTests" time="0.066"/>
  <testcase name="Retrieve Properties with two different pom's recursively, one including the other" classname="com.apgsga.maven.impl.bom.MavenBomManagerDefaultTests" time="0.03"/>
  <system-out><![CDATA[]]></system-out>
  <system-err><![CDATA[SLF4J: Class path contains multiple SLF4J bindings.
SLF4J: Found binding in [jar:file:/Users/chhex/.gradle/caches/modules-2/files-2.1/org.slf4j/slf4j-simple/1.7.29/82ae07f95088577987a15d90171de12b00d81847/slf4j-simple-1.7.29.jar!/org/slf4j/impl/StaticLoggerBinder.class]
SLF4J: Found binding in [jar:file:/Users/chhex/.gradle/caches/5.2.1/generated-gradle-jars/gradle-api-5.2.1.jar!/org/slf4j/impl/StaticLoggerBinder.class]
SLF4J: See http://www.slf4j.org/codes.html#multiple_bindings for an explanation.
SLF4J: Actual binding is of type [org.slf4j.impl.SimpleLoggerFactory]
[Test worker] INFO com.apgsga.maven.impl.bom.MavenBomManagerDefault - Loading Maven Model
[Test worker] INFO com.apgsga.maven.impl.bom.MavenBomManagerDefault - Loading Maven Model done.
[Test worker] INFO com.apgsga.maven.impl.bom.MavenBomManagerDefault - Loading Maven Model
[Test worker] INFO com.apgsga.maven.impl.bom.MavenBomManagerDefault - Loading Maven Model
[Test worker] INFO com.apgsga.maven.impl.bom.MavenBomManagerDefault - Loading Maven Model done.
[Test worker] INFO com.apgsga.maven.impl.bom.MavenBomManagerDefault - Loading Maven Model done.
[Test worker] INFO com.apgsga.maven.impl.bom.MavenBomManagerDefault - Loading Maven Model
[Test worker] INFO com.apgsga.maven.impl.bom.MavenBomManagerDefault - Loading Maven Model
[Test worker] INFO com.apgsga.maven.impl.bom.MavenBomManagerDefault - Loading Maven Model done.
[Test worker] INFO com.apgsga.maven.impl.bom.MavenBomManagerDefault - Loading Maven Model done.
[Test worker] INFO com.apgsga.maven.impl.bom.MavenBomManagerDefault - Loading Maven Model
[Test worker] INFO com.apgsga.maven.impl.bom.MavenBomManagerDefault - Loading Maven Model done.
[Test worker] INFO com.apgsga.maven.impl.bom.MavenBomManagerDefault - Loading Maven Model
[Test worker] INFO com.apgsga.maven.impl.bom.MavenBomManagerDefault - Loading Maven Model done.
[Test worker] INFO com.apgsga.maven.impl.bom.MavenBomManagerDefault - Loading Maven Model
[Test worker] INFO com.apgsga.maven.impl.bom.MavenBomManagerDefault - Loading Maven Model done.
[Test worker] INFO com.apgsga.maven.impl.bom.MavenBomManagerDefault - Loading Maven Model
[Test worker] INFO com.apgsga.maven.impl.bom.MavenBomManagerDefault - Loading Maven Model done.
[Test worker] INFO com.apgsga.maven.impl.bom.MavenBomManagerDefault - Loading Maven Model
[Test worker] INFO com.apgsga.maven.impl.bom.MavenBomManagerDefault - Loading Maven Model done.
[Test worker] INFO com.apgsga.maven.impl.bom.MavenBomManagerDefault - Loading Maven Model
[Test worker] INFO com.apgsga.maven.impl.bom.MavenBomManagerDefault - Loading Maven Model
[Test worker] INFO com.apgsga.maven.impl.bom.MavenBomManagerDefault - Loading Maven Model done.
[Test worker] INFO com.apgsga.maven.impl.bom.MavenBomManagerDefault - Loading Maven Model done.
[Test worker] INFO com.apgsga.maven.impl.bom.MavenBomManagerDefault - Loading Maven Model
[Test worker] INFO com.apgsga.maven.impl.bom.MavenBomManagerDefault - Loading Maven Model done.
[Test worker] INFO com.apgsga.maven.impl.bom.MavenBomManagerDefault - Loading Maven Model
[Test worker] INFO com.apgsga.maven.impl.bom.MavenBomManagerDefault - Loading Maven Model done.
[Test worker] INFO com.apgsga.maven.impl.bom.MavenBomManagerDefault - Loading Maven Model
[Test worker] INFO com.apgsga.maven.impl.bom.MavenBomManagerDefault - Loading Maven Model done.
[Test worker] INFO com.apgsga.maven.impl.bom.MavenBomManagerDefault - Loading Maven Model
[Test worker] INFO com.apgsga.maven.impl.bom.MavenBomManagerDefault - Loading Maven Model done.
[Test worker] INFO com.apgsga.maven.impl.bom.MavenBomManagerDefault - Loading Maven Model
[Test worker] INFO com.apgsga.maven.impl.bom.MavenBomManagerDefault - Loading Maven Model done.
[Test worker] INFO com.apgsga.maven.impl.bom.MavenBomManagerDefault - Loading Maven Model
[Test worker] INFO com.apgsga.maven.impl.bom.MavenBomManagerDefault - Loading Maven Model done.
[Test worker] INFO com.apgsga.maven.impl.bom.MavenBomManagerDefault - Loading Maven Model
[Test worker] INFO com.apgsga.maven.impl.bom.MavenBomManagerDefault - Loading Maven Model done.
[Test worker] INFO com.apgsga.maven.impl.bom.MavenBomManagerDefault - Loading Maven Model
[Test worker] INFO com.apgsga.maven.impl.bom.MavenBomManagerDefault - Loading Maven Model
[Test worker] INFO com.apgsga.maven.impl.bom.MavenBomManagerDefault - Loading Maven Model done.
[Test worker] INFO com.apgsga.maven.impl.bom.MavenBomManagerDefault - Loading Maven Model done.
]]></system-err>
</testsuite>
