<?xml version="1.0" encoding="UTF-8"?>
<testsuite name="com.apgsga.maven.impl.resolver.SortedPatchFileListArtifactVersionResolverTest" tests="5" skipped="0" failures="0" errors="0" timestamp="2020-02-04T14:06:00" hostname="chhexbook.affichage-p.ch" time="0.098">
  <properties/>
  <testcase name="getVersion from single Patchfile" classname="com.apgsga.maven.impl.resolver.SortedPatchFileListArtifactVersionResolverTest" time="0.029"/>
  <testcase name="getVersion from two Patchfiles sorted asc by Patchnummer with same Artifact" classname="com.apgsga.maven.impl.resolver.SortedPatchFileListArtifactVersionResolverTest" time="0.024"/>
  <testcase name="getVersion from two Patchfiles sorted desc Patchnummer with same Artifact" classname="com.apgsga.maven.impl.resolver.SortedPatchFileListArtifactVersionResolverTest" time="0.017"/>
  <testcase name="getVersion from two Patchfiles sorted asc by TagNr with same Artifact" classname="com.apgsga.maven.impl.resolver.SortedPatchFileListArtifactVersionResolverTest" time="0.014"/>
  <testcase name="getVersion from two Patchfiles sorted desc TagNr with same Artifact" classname="com.apgsga.maven.impl.resolver.SortedPatchFileListArtifactVersionResolverTest" time="0.013"/>
  <system-out><![CDATA[]]></system-out>
  <system-err><![CDATA[]]></system-err>
</testsuite>
