<?xml version="1.0" encoding="UTF-8"?>
<testsuite name="ExamplePipelineTest" tests="1" skipped="0" failures="0" errors="0" timestamp="2020-01-17T15:24:38" hostname="chhexbook.local" time="0.527">
  <properties/>
  <testcase name="should_execute_without_errors" classname="ExamplePipelineTest" time="0.527"/>
  <system-out><![CDATA[   ExamplePipelineFile.run()
      ExamplePipelineFile.node(master, groovy.lang.Closure)
         ExamplePipelineFile.stage(Test 1: loop of echo statements, groovy.lang.Closure)
            ExamplePipelineFile.echo(Hello a)
            ExamplePipelineFile.echo(Hello b)
            ExamplePipelineFile.echo(Hello c)
         ExamplePipelineFile.stage(Test 2: loop of sh commands, groovy.lang.Closure)
            ExamplePipelineFile.sh(echo Hello a)
            ExamplePipelineFile.sh(echo Hello b)
            ExamplePipelineFile.sh(echo Hello c)
         ExamplePipelineFile.stage(Test 3: loop with preceding SH, groovy.lang.Closure)
            ExamplePipelineFile.sh(echo Going to echo a list)
            ExamplePipelineFile.sh(echo Hello a)
            ExamplePipelineFile.sh(echo Hello b)
            ExamplePipelineFile.sh(echo Hello c)
         ExamplePipelineFile.stage(Test 4: traditional for loop, groovy.lang.Closure)
            ExamplePipelineFile.sh(echo Going to echo a list)
            ExamplePipelineFile.sh(echo Hello a)
            ExamplePipelineFile.sh(echo Hello b)
            ExamplePipelineFile.sh(echo Hello c)
]]></system-out>
  <system-err><![CDATA[]]></system-err>
</testsuite>
