<?xml version="1.0" encoding="UTF-8"?>
<testsuite name="com.apgsga.maven.dm.tasks.DomAnalizerTests" tests="2" skipped="0" failures="0" errors="0" timestamp="2020-02-04T14:06:03" hostname="chhexbook.affichage-p.ch" time="6.102">
  <properties/>
  <testcase name="publish rpm to local works" classname="com.apgsga.maven.dm.tasks.DomAnalizerTests" time="5.122"/>
  <testcase name="version Resolution DSL rpm to local works" classname="com.apgsga.maven.dm.tasks.DomAnalizerTests" time="0.98"/>
  <system-out><![CDATA[Running setup
/var/folders/m7/jql3p30h8xl46m001s7q50mh0000gp/T/
About to delete /var/folders/m7/jql3p30h8xl46m001s7q50mh0000gp/T/gradletestproject1784340796235933657
Project Dir : /var/folders/m7/jql3p30h8xl46m001s7q50mh0000gp/T/gradletestproject6627109558157350205
Gradle Home directory for tests: /var/folders/m7/jql3p30h8xl46m001s7q50mh0000gp/T/gradletestproject6627109558157350205/.gradle
/var/folders/m7/jql3p30h8xl46m001s7q50mh0000gp/T/gradletestproject6627109558157350205/.gradle/gradle.properties has been created!
/var/folders/m7/jql3p30h8xl46m001s7q50mh0000gp/T/gradletestproject6627109558157350205/.gradle/gradle.encrypted.properties has been created!
Result output: Using 4 worker leases.
Starting Build
Settings evaluated using settings file '/private/var/folders/m7/jql3p30h8xl46m001s7q50mh0000gp/T/gradletestproject6627109558157350205/settings.gradle'.
Projects loaded. Root project using build file '/private/var/folders/m7/jql3p30h8xl46m001s7q50mh0000gp/T/gradletestproject6627109558157350205/build.gradle'.
Included projects: [root project 'gradletestproject6627109558157350205']

> Configure project :
Evaluating root project 'gradletestproject6627109558157350205' using build file '/private/var/folders/m7/jql3p30h8xl46m001s7q50mh0000gp/T/gradletestproject6627109558157350205/build.gradle'.
Compiling build file '/private/var/folders/m7/jql3p30h8xl46m001s7q50mh0000gp/T/gradletestproject6627109558157350205/build.gradle' using SubsetScriptTransformer.
Compiling build file '/private/var/folders/m7/jql3p30h8xl46m001s7q50mh0000gp/T/gradletestproject6627109558157350205/build.gradle' using BuildScriptTransformer.
All projects evaluated.
Selected primary task 'apgDmBomReport' from project :
Tasks to be executed: [task ':apgDmBomReport']
:apgDmBomReport (Thread[Execution worker for ':',5,main]) started.

> Task :apgDmBomReport
Task ':apgDmBomReport' is not up-to-date because:
  Task has not declared any outputs despite executing actions.
Reporting started
Reporting for artifactid: test:test-bom:1.0
Loading Maven Model
Loading Maven Model done.
Result: [MavenArtifact(groupId=org.apache.httpcomponents, artifactid=httpclient, version=4.5.2, type=jar), MavenArtifact(groupId=com.google.code.guice, artifactid=guice, version=4.1, type=jar), MavenArtifact(groupId=com.affichage.ui.utils, artifactid=jgoodies-utils, version=1.9.6, type=jar), MavenArtifact(groupId=com.affichage.it21.ppix, artifactid=ppix-dao, version=9.0.6.ADMIN-UIMIG-SNAPSHOT, type=jar), MavenArtifact(groupId=com.affichage.it21.vk, artifactid=zentraldispo-dao, version=xxxxxxxxxxx, type=jar)]
Reporting done.
:apgDmBomReport (Thread[Execution worker for ':',5,main]) completed. Took 0.197 secs.

BUILD SUCCESSFUL in 3s
1 actionable task: 1 executed

Running setup
/var/folders/m7/jql3p30h8xl46m001s7q50mh0000gp/T/
About to delete /var/folders/m7/jql3p30h8xl46m001s7q50mh0000gp/T/gradletestproject6627109558157350205
Project Dir : /var/folders/m7/jql3p30h8xl46m001s7q50mh0000gp/T/gradletestproject3563385516322434399
Gradle Home directory for tests: /var/folders/m7/jql3p30h8xl46m001s7q50mh0000gp/T/gradletestproject3563385516322434399/.gradle
/var/folders/m7/jql3p30h8xl46m001s7q50mh0000gp/T/gradletestproject3563385516322434399/.gradle/gradle.properties has been created!
/var/folders/m7/jql3p30h8xl46m001s7q50mh0000gp/T/gradletestproject3563385516322434399/.gradle/gradle.encrypted.properties has been created!
Result output: Using 4 worker leases.
Starting Build
Settings evaluated using settings file '/private/var/folders/m7/jql3p30h8xl46m001s7q50mh0000gp/T/gradletestproject3563385516322434399/settings.gradle'.
Projects loaded. Root project using build file '/private/var/folders/m7/jql3p30h8xl46m001s7q50mh0000gp/T/gradletestproject3563385516322434399/build.gradle'.
Included projects: [root project 'gradletestproject3563385516322434399']

> Configure project :
Evaluating root project 'gradletestproject3563385516322434399' using build file '/private/var/folders/m7/jql3p30h8xl46m001s7q50mh0000gp/T/gradletestproject3563385516322434399/build.gradle'.
Compiling build file '/private/var/folders/m7/jql3p30h8xl46m001s7q50mh0000gp/T/gradletestproject3563385516322434399/build.gradle' using SubsetScriptTransformer.
Compiling build file '/private/var/folders/m7/jql3p30h8xl46m001s7q50mh0000gp/T/gradletestproject3563385516322434399/build.gradle' using BuildScriptTransformer.
All projects evaluated.
Selected primary task 'apgDmBomReport' from project :
Tasks to be executed: [task ':apgDmBomReport']
:apgDmBomReport (Thread[Execution worker for ':',5,main]) started.

> Task :apgDmBomReport
Task ':apgDmBomReport' is not up-to-date because:
  Task has not declared any outputs despite executing actions.
Reporting started
Reporting for artifactid: test:test-bom:1.0
Loading Maven Model
Loading Maven Model done.
Result: [MavenArtifact(groupId=org.apache.httpcomponents, artifactid=httpclient, version=4.5.2, type=jar), MavenArtifact(groupId=com.google.code.guice, artifactid=guice, version=4.1, type=jar), MavenArtifact(groupId=com.affichage.ui.utils, artifactid=jgoodies-utils, version=1.9.6, type=jar), MavenArtifact(groupId=com.affichage.it21.ppix, artifactid=ppix-dao, version=9.0.6.ADMIN-UIMIG-SNAPSHOT, type=jar), MavenArtifact(groupId=com.affichage.it21.vk, artifactid=zentraldispo-dao, version=xxxxxxxxxxx, type=jar)]
Reporting done.
:apgDmBomReport (Thread[Execution worker for ':',5,main]) completed. Took 0.05 secs.

BUILD SUCCESSFUL in 0s
1 actionable task: 1 executed

]]></system-out>
  <system-err><![CDATA[]]></system-err>
</testsuite>
