<?xml version="1.0" encoding="UTF-8"?>
<testsuite name="com.apgsga.maven.dm.tasks.ResolutionStrategyConfigTaskTests" tests="4" skipped="0" failures="0" errors="0" timestamp="2020-02-04T14:06:09" hostname="chhexbook.affichage-p.ch" time="5.672">
  <properties/>
  <testcase name="configureResolutionStrategy and dependencyResolution Bom Version with explicit Configuration " classname="com.apgsga.maven.dm.tasks.ResolutionStrategyConfigTaskTests" time="1.749"/>
  <testcase name="configureResolutionStrategy and dependencyResolution Bom Version with implicit Configuration creation" classname="com.apgsga.maven.dm.tasks.ResolutionStrategyConfigTaskTests" time="1.375"/>
  <testcase name="configureResolutionStrategy and dependencyResolution Bom Version with default Configuration creation" classname="com.apgsga.maven.dm.tasks.ResolutionStrategyConfigTaskTests" time="1.347"/>
  <testcase name="configureResolutionStrategy and dependencyResolution Bom Versions and Patchfile with default Configuration creation" classname="com.apgsga.maven.dm.tasks.ResolutionStrategyConfigTaskTests" time="1.201"/>
  <system-out><![CDATA[Running setup
/var/folders/m7/jql3p30h8xl46m001s7q50mh0000gp/T/
About to delete /var/folders/m7/jql3p30h8xl46m001s7q50mh0000gp/T/gradletestproject3563385516322434399
Project Dir : /var/folders/m7/jql3p30h8xl46m001s7q50mh0000gp/T/gradletestproject6699418379992486083
Gradle Home directory for tests: /var/folders/m7/jql3p30h8xl46m001s7q50mh0000gp/T/gradletestproject6699418379992486083/.gradle
/var/folders/m7/jql3p30h8xl46m001s7q50mh0000gp/T/gradletestproject6699418379992486083/.gradle/gradle.properties has been created!
/var/folders/m7/jql3p30h8xl46m001s7q50mh0000gp/T/gradletestproject6699418379992486083/.gradle/gradle.encrypted.properties has been created!
Result output: Using 4 worker leases.
Starting Build
Settings evaluated using settings file '/private/var/folders/m7/jql3p30h8xl46m001s7q50mh0000gp/T/gradletestproject6699418379992486083/settings.gradle'.
Projects loaded. Root project using build file '/private/var/folders/m7/jql3p30h8xl46m001s7q50mh0000gp/T/gradletestproject6699418379992486083/build.gradle'.
Included projects: [root project 'gradletestproject6699418379992486083']

> Configure project :
Evaluating root project 'gradletestproject6699418379992486083' using build file '/private/var/folders/m7/jql3p30h8xl46m001s7q50mh0000gp/T/gradletestproject6699418379992486083/build.gradle'.
Compiling build file '/private/var/folders/m7/jql3p30h8xl46m001s7q50mh0000gp/T/gradletestproject6699418379992486083/build.gradle' using SubsetScriptTransformer.
Compiling build file '/private/var/folders/m7/jql3p30h8xl46m001s7q50mh0000gp/T/gradletestproject6699418379992486083/build.gradle' using BuildScriptTransformer.
All projects evaluated.
Selected primary task 'configureResolutionStrategy' from project :
Tasks to be executed: [task ':configureResolutionStrategy']
:configureResolutionStrategy (Thread[Execution worker for ':',5,main]) started.

> Task :configureResolutionStrategy
Task ':configureResolutionStrategy' is not up-to-date because:
  Task has not declared any outputs despite executing actions.
Creating Dependency configuration
Version: 1.1.toString()
:configureResolutionStrategy (Thread[Execution worker for ':',5,main]) completed. Took 0.035 secs.

BUILD SUCCESSFUL in 1s
1 actionable task: 1 executed

Running setup
/var/folders/m7/jql3p30h8xl46m001s7q50mh0000gp/T/
About to delete /var/folders/m7/jql3p30h8xl46m001s7q50mh0000gp/T/gradletestproject6699418379992486083
Project Dir : /var/folders/m7/jql3p30h8xl46m001s7q50mh0000gp/T/gradletestproject4030170310656944319
Gradle Home directory for tests: /var/folders/m7/jql3p30h8xl46m001s7q50mh0000gp/T/gradletestproject4030170310656944319/.gradle
/var/folders/m7/jql3p30h8xl46m001s7q50mh0000gp/T/gradletestproject4030170310656944319/.gradle/gradle.properties has been created!
/var/folders/m7/jql3p30h8xl46m001s7q50mh0000gp/T/gradletestproject4030170310656944319/.gradle/gradle.encrypted.properties has been created!
Running setup
/var/folders/m7/jql3p30h8xl46m001s7q50mh0000gp/T/
About to delete /var/folders/m7/jql3p30h8xl46m001s7q50mh0000gp/T/gradletestproject4030170310656944319
Project Dir : /var/folders/m7/jql3p30h8xl46m001s7q50mh0000gp/T/gradletestproject1789427562190283224
Gradle Home directory for tests: /var/folders/m7/jql3p30h8xl46m001s7q50mh0000gp/T/gradletestproject1789427562190283224/.gradle
/var/folders/m7/jql3p30h8xl46m001s7q50mh0000gp/T/gradletestproject1789427562190283224/.gradle/gradle.properties has been created!
/var/folders/m7/jql3p30h8xl46m001s7q50mh0000gp/T/gradletestproject1789427562190283224/.gradle/gradle.encrypted.properties has been created!
Result output: Using 4 worker leases.
Starting Build
Settings evaluated using settings file '/private/var/folders/m7/jql3p30h8xl46m001s7q50mh0000gp/T/gradletestproject1789427562190283224/settings.gradle'.
Projects loaded. Root project using build file '/private/var/folders/m7/jql3p30h8xl46m001s7q50mh0000gp/T/gradletestproject1789427562190283224/build.gradle'.
Included projects: [root project 'gradletestproject1789427562190283224']

> Configure project :
Evaluating root project 'gradletestproject1789427562190283224' using build file '/private/var/folders/m7/jql3p30h8xl46m001s7q50mh0000gp/T/gradletestproject1789427562190283224/build.gradle'.
Compiling build file '/private/var/folders/m7/jql3p30h8xl46m001s7q50mh0000gp/T/gradletestproject1789427562190283224/build.gradle' using SubsetScriptTransformer.
Compiling build file '/private/var/folders/m7/jql3p30h8xl46m001s7q50mh0000gp/T/gradletestproject1789427562190283224/build.gradle' using BuildScriptTransformer.
All projects evaluated.
Selected primary task 'configureResolutionStrategy' from project :
Tasks to be executed: [task ':configureResolutionStrategy']
:configureResolutionStrategy (Thread[Execution worker for ':',5,main]) started.

> Task :configureResolutionStrategy
Task ':configureResolutionStrategy' is not up-to-date because:
  Task has not declared any outputs despite executing actions.
Creating Dependency configuration
Version: 1.1.toString()
:configureResolutionStrategy (Thread[Execution worker for ':',5,main]) completed. Took 0.021 secs.

BUILD SUCCESSFUL in 1s
1 actionable task: 1 executed

Running setup
/var/folders/m7/jql3p30h8xl46m001s7q50mh0000gp/T/
About to delete /var/folders/m7/jql3p30h8xl46m001s7q50mh0000gp/T/gradletestproject1789427562190283224
Project Dir : /var/folders/m7/jql3p30h8xl46m001s7q50mh0000gp/T/gradletestproject3601261829950663198
Gradle Home directory for tests: /var/folders/m7/jql3p30h8xl46m001s7q50mh0000gp/T/gradletestproject3601261829950663198/.gradle
/var/folders/m7/jql3p30h8xl46m001s7q50mh0000gp/T/gradletestproject3601261829950663198/.gradle/gradle.properties has been created!
/var/folders/m7/jql3p30h8xl46m001s7q50mh0000gp/T/gradletestproject3601261829950663198/.gradle/gradle.encrypted.properties has been created!
Result output: Using 4 worker leases.
Starting Build
Settings evaluated using settings file '/private/var/folders/m7/jql3p30h8xl46m001s7q50mh0000gp/T/gradletestproject3601261829950663198/settings.gradle'.
Projects loaded. Root project using build file '/private/var/folders/m7/jql3p30h8xl46m001s7q50mh0000gp/T/gradletestproject3601261829950663198/build.gradle'.
Included projects: [root project 'gradletestproject3601261829950663198']

> Configure project :
Evaluating root project 'gradletestproject3601261829950663198' using build file '/private/var/folders/m7/jql3p30h8xl46m001s7q50mh0000gp/T/gradletestproject3601261829950663198/build.gradle'.
Compiling build file '/private/var/folders/m7/jql3p30h8xl46m001s7q50mh0000gp/T/gradletestproject3601261829950663198/build.gradle' using SubsetScriptTransformer.
Compiling build file '/private/var/folders/m7/jql3p30h8xl46m001s7q50mh0000gp/T/gradletestproject3601261829950663198/build.gradle' using BuildScriptTransformer.
All projects evaluated.
Selected primary task 'configureResolutionStrategy' from project :
Tasks to be executed: [task ':configureResolutionStrategy']
:configureResolutionStrategy (Thread[Execution worker for ':',5,main]) started.

> Task :configureResolutionStrategy
Task ':configureResolutionStrategy' is not up-to-date because:
  Task has not declared any outputs despite executing actions.
Creating Dependency configuration
Patchfile : PatchA5791.json.toString()
Version: 1.0.toString()
:configureResolutionStrategy (Thread[Execution worker for ':',5,main]) completed. Took 0.024 secs.

BUILD SUCCESSFUL in 1s
1 actionable task: 1 executed

]]></system-out>
  <system-err><![CDATA[]]></system-err>
</testsuite>
