<?xml version="1.0" encoding="UTF-8"?>
<testsuite name="com.apgsga.ssh.common.BuildLogicFunctionalTests" tests="1" skipped="0" failures="0" errors="0" timestamp="2020-02-04T14:08:55" hostname="chhexbook.affichage-p.ch" time="3.972">
  <properties/>
  <testcase name="SSH properties configuration works" classname="com.apgsga.ssh.common.BuildLogicFunctionalTests" time="3.972"/>
  <system-out><![CDATA[Running setup
/var/folders/m7/jql3p30h8xl46m001s7q50mh0000gp/T/
About to delete /var/folders/m7/jql3p30h8xl46m001s7q50mh0000gp/T/gradletestproject1314884183356533736
Project Dir : /var/folders/m7/jql3p30h8xl46m001s7q50mh0000gp/T/gradletestproject4200119553580205638
Gradle Home directory for tests: /var/folders/m7/jql3p30h8xl46m001s7q50mh0000gp/T/gradletestproject4200119553580205638/.gradle
/var/folders/m7/jql3p30h8xl46m001s7q50mh0000gp/T/gradletestproject4200119553580205638/.gradle/gradle.properties has been created!
/var/folders/m7/jql3p30h8xl46m001s7q50mh0000gp/T/gradletestproject4200119553580205638/.gradle/gradle.encrypted.properties has been created!
Result output: Using 4 worker leases.
Starting Build
Settings evaluated using settings file '/private/var/folders/m7/jql3p30h8xl46m001s7q50mh0000gp/T/gradletestproject4200119553580205638/settings.gradle'.
Projects loaded. Root project using build file '/private/var/folders/m7/jql3p30h8xl46m001s7q50mh0000gp/T/gradletestproject4200119553580205638/build.gradle'.
Included projects: [root project 'gradletestproject4200119553580205638']

> Configure project :
Evaluating root project 'gradletestproject4200119553580205638' using build file '/private/var/folders/m7/jql3p30h8xl46m001s7q50mh0000gp/T/gradletestproject4200119553580205638/build.gradle'.
Compiling build file '/private/var/folders/m7/jql3p30h8xl46m001s7q50mh0000gp/T/gradletestproject4200119553580205638/build.gradle' using SubsetScriptTransformer.
Compiling build file '/private/var/folders/m7/jql3p30h8xl46m001s7q50mh0000gp/T/gradletestproject4200119553580205638/build.gradle' using BuildScriptTransformer.
ApgSshCommon{, username='bob', userpwd='xxxx'', destinationHost='ourRemoteHost'}
All projects evaluated.
Selected primary task 'init' from project :
Tasks to be executed: [task ':init']
:init (Thread[Execution worker for ':' Thread 2,5,main]) started.

> Task :init SKIPPED
The build file 'build.gradle' already exists. Skipping build initialization.
Skipping task ':init' as task onlyIf is false.
:init (Thread[Execution worker for ':' Thread 2,5,main]) completed. Took 0.09 secs.

BUILD SUCCESSFUL in 2s

]]></system-out>
  <system-err><![CDATA[]]></system-err>
</testsuite>
