<?xml version="1.0" encoding="UTF-8"?>
<testsuite name="com.apgsga.revision.manager.NextRevisionTests" tests="3" skipped="0" failures="0" errors="0" timestamp="2020-02-04T14:08:23" hostname="chhexbook.affichage-p.ch" time="1.671">
  <properties/>
  <testcase name="Validate next revision without any parameter" classname="com.apgsga.revision.manager.NextRevisionTests" time="0.36"/>
  <testcase name="Validate get next revision for a given target when no revision has ever been created" classname="com.apgsga.revision.manager.NextRevisionTests" time="0.49"/>
  <testcase name="Validate get next revision for a given target with an existing Revisions.json" classname="com.apgsga.revision.manager.NextRevisionTests" time="0.82"/>
  <system-out><![CDATA[Running setup
/var/folders/m7/jql3p30h8xl46m001s7q50mh0000gp/T/
About to delete /var/folders/m7/jql3p30h8xl46m001s7q50mh0000gp/T/gradletestproject4665694999847869786
Project Dir : /var/folders/m7/jql3p30h8xl46m001s7q50mh0000gp/T/gradletestproject7781142683098300915
Gradle Home directory for tests: /var/folders/m7/jql3p30h8xl46m001s7q50mh0000gp/T/gradletestproject7781142683098300915/.gradle
/var/folders/m7/jql3p30h8xl46m001s7q50mh0000gp/T/gradletestproject7781142683098300915/.gradle/gradle.properties has been created!
/var/folders/m7/jql3p30h8xl46m001s7q50mh0000gp/T/gradletestproject7781142683098300915/.gradle/gradle.encrypted.properties has been created!
Running setup
/var/folders/m7/jql3p30h8xl46m001s7q50mh0000gp/T/
About to delete /var/folders/m7/jql3p30h8xl46m001s7q50mh0000gp/T/gradletestproject7781142683098300915
Project Dir : /var/folders/m7/jql3p30h8xl46m001s7q50mh0000gp/T/gradletestproject3481502746911737593
Gradle Home directory for tests: /var/folders/m7/jql3p30h8xl46m001s7q50mh0000gp/T/gradletestproject3481502746911737593/.gradle
/var/folders/m7/jql3p30h8xl46m001s7q50mh0000gp/T/gradletestproject3481502746911737593/.gradle/gradle.properties has been created!
/var/folders/m7/jql3p30h8xl46m001s7q50mh0000gp/T/gradletestproject3481502746911737593/.gradle/gradle.encrypted.properties has been created!
Using 4 worker leases.
Starting Build
Settings evaluated using settings file '/private/var/folders/m7/jql3p30h8xl46m001s7q50mh0000gp/T/gradletestproject3481502746911737593/settings.gradle'.
Projects loaded. Root project using build file '/private/var/folders/m7/jql3p30h8xl46m001s7q50mh0000gp/T/gradletestproject3481502746911737593/build.gradle'.
Included projects: [root project 'gradletestproject3481502746911737593']

> Configure project :
Evaluating root project 'gradletestproject3481502746911737593' using build file '/private/var/folders/m7/jql3p30h8xl46m001s7q50mh0000gp/T/gradletestproject3481502746911737593/build.gradle'.
Compiling build file '/private/var/folders/m7/jql3p30h8xl46m001s7q50mh0000gp/T/gradletestproject3481502746911737593/build.gradle' using SubsetScriptTransformer.
Compiling build file '/private/var/folders/m7/jql3p30h8xl46m001s7q50mh0000gp/T/gradletestproject3481502746911737593/build.gradle' using BuildScriptTransformer.
All projects evaluated.
Selected primary task 'init' from project :
Selected primary task 'getNextRev' from project :
Tasks to be executed: [task ':init', task ':nextRevision', task ':getNextRev']
:init (Thread[Execution worker for ':',5,main]) started.

> Task :init SKIPPED
The build file 'build.gradle' already exists. Skipping build initialization.
Skipping task ':init' as task onlyIf is false.
:init (Thread[Execution worker for ':',5,main]) completed. Took 0.002 secs.
:nextRevision (Thread[Execution worker for ':',5,main]) started.

> Task :nextRevision
Task ':nextRevision' is not up-to-date because:
  Task has not declared any outputs despite executing actions.
:nextRevision (Thread[Execution worker for ':',5,main]) completed. Took 0.022 secs.
:getNextRev (Thread[Execution worker for ':',5,main]) started.

> Task :getNextRev
Task ':getNextRev' is not up-to-date because:
  Task has not declared any outputs despite executing actions.
Custom actions are attached to task ':getNextRev'.
lastRev=SNAPSHOT
nextRev=1
:getNextRev (Thread[Execution worker for ':',5,main]) completed. Took 0.037 secs.

BUILD SUCCESSFUL in 0s
2 actionable tasks: 2 executed

Running setup
/var/folders/m7/jql3p30h8xl46m001s7q50mh0000gp/T/
About to delete /var/folders/m7/jql3p30h8xl46m001s7q50mh0000gp/T/gradletestproject3481502746911737593
Project Dir : /var/folders/m7/jql3p30h8xl46m001s7q50mh0000gp/T/gradletestproject8087491217211583345
Gradle Home directory for tests: /var/folders/m7/jql3p30h8xl46m001s7q50mh0000gp/T/gradletestproject8087491217211583345/.gradle
/var/folders/m7/jql3p30h8xl46m001s7q50mh0000gp/T/gradletestproject8087491217211583345/.gradle/gradle.properties has been created!
/var/folders/m7/jql3p30h8xl46m001s7q50mh0000gp/T/gradletestproject8087491217211583345/.gradle/gradle.encrypted.properties has been created!
Using 4 worker leases.
Starting Build
Settings evaluated using settings file '/private/var/folders/m7/jql3p30h8xl46m001s7q50mh0000gp/T/gradletestproject8087491217211583345/settings.gradle'.
Projects loaded. Root project using build file '/private/var/folders/m7/jql3p30h8xl46m001s7q50mh0000gp/T/gradletestproject8087491217211583345/build.gradle'.
Included projects: [root project 'gradletestproject8087491217211583345']

> Configure project :
Evaluating root project 'gradletestproject8087491217211583345' using build file '/private/var/folders/m7/jql3p30h8xl46m001s7q50mh0000gp/T/gradletestproject8087491217211583345/build.gradle'.
Compiling build file '/private/var/folders/m7/jql3p30h8xl46m001s7q50mh0000gp/T/gradletestproject8087491217211583345/build.gradle' using SubsetScriptTransformer.
Compiling build file '/private/var/folders/m7/jql3p30h8xl46m001s7q50mh0000gp/T/gradletestproject8087491217211583345/build.gradle' using BuildScriptTransformer.
All projects evaluated.
Selected primary task 'init' from project :
Selected primary task 'getNextRev' from project :
Tasks to be executed: [task ':init', task ':nextRevision', task ':getNextRev']
:init (Thread[Execution worker for ':',5,main]) started.

> Task :init SKIPPED
The build file 'build.gradle' already exists. Skipping build initialization.
Skipping task ':init' as task onlyIf is false.
:init (Thread[Execution worker for ':',5,main]) completed. Took 0.004 secs.
:nextRevision (Thread[Execution worker for ':',5,main]) started.

> Task :nextRevision
Task ':nextRevision' is not up-to-date because:
  Task has not declared any outputs despite executing actions.
:nextRevision (Thread[Execution worker for ':',5,main]) completed. Took 0.02 secs.
:getNextRev (Thread[Execution worker for ':',5,main]) started.

> Task :getNextRev
Task ':getNextRev' is not up-to-date because:
  Task has not declared any outputs despite executing actions.
Custom actions are attached to task ':getNextRev'.
lastRevForTarget=SNAPSHOT
nextRevForTarget=1
:getNextRev (Thread[Execution worker for ':',5,main]) completed. Took 0.001 secs.

BUILD SUCCESSFUL in 0s
2 actionable tasks: 2 executed

Using 4 worker leases.
Starting Build
Settings evaluated using settings file '/private/var/folders/m7/jql3p30h8xl46m001s7q50mh0000gp/T/gradletestproject8087491217211583345/settings.gradle'.
Projects loaded. Root project using build file '/private/var/folders/m7/jql3p30h8xl46m001s7q50mh0000gp/T/gradletestproject8087491217211583345/build.gradle'.
Included projects: [root project 'gradletestproject8087491217211583345']

> Configure project :
Evaluating root project 'gradletestproject8087491217211583345' using build file '/private/var/folders/m7/jql3p30h8xl46m001s7q50mh0000gp/T/gradletestproject8087491217211583345/build.gradle'.
All projects evaluated.
Selected primary task 'init' from project :
Selected primary task 'getNextRev' from project :
Tasks to be executed: [task ':init', task ':nextRevision', task ':getNextRev']
:init (Thread[Execution worker for ':',5,main]) started.

> Task :init SKIPPED
The build file 'build.gradle' already exists. Skipping build initialization.
Skipping task ':init' as task onlyIf is false.
:init (Thread[Execution worker for ':',5,main]) completed. Took 0.002 secs.
:nextRevision (Thread[Execution worker for ':',5,main]) started.

> Task :nextRevision
Task ':nextRevision' is not up-to-date because:
  Task has not declared any outputs despite executing actions.
:nextRevision (Thread[Execution worker for ':',5,main]) completed. Took 0.005 secs.
:getNextRev (Thread[Execution worker for ':',5,main]) started.

> Task :getNextRev
Task ':getNextRev' is not up-to-date because:
  Task has not declared any outputs despite executing actions.
Custom actions are attached to task ':getNextRev'.
lastRevForTarget=1
nextRevForTarget=2
:getNextRev (Thread[Execution worker for ':',5,main]) completed. Took 0.001 secs.

BUILD SUCCESSFUL in 0s
2 actionable tasks: 2 executed

Using 4 worker leases.
Starting Build
Settings evaluated using settings file '/private/var/folders/m7/jql3p30h8xl46m001s7q50mh0000gp/T/gradletestproject8087491217211583345/settings.gradle'.
Projects loaded. Root project using build file '/private/var/folders/m7/jql3p30h8xl46m001s7q50mh0000gp/T/gradletestproject8087491217211583345/build.gradle'.
Included projects: [root project 'gradletestproject8087491217211583345']

> Configure project :
Evaluating root project 'gradletestproject8087491217211583345' using build file '/private/var/folders/m7/jql3p30h8xl46m001s7q50mh0000gp/T/gradletestproject8087491217211583345/build.gradle'.
All projects evaluated.
Selected primary task 'init' from project :
Selected primary task 'getNextRev' from project :
Tasks to be executed: [task ':init', task ':nextRevision', task ':getNextRev']
:init (Thread[Execution worker for ':',5,main]) started.

> Task :init SKIPPED
The build file 'build.gradle' already exists. Skipping build initialization.
Skipping task ':init' as task onlyIf is false.
:init (Thread[Execution worker for ':',5,main]) completed. Took 0.001 secs.
:nextRevision (Thread[Execution worker for ':',5,main]) started.

> Task :nextRevision
Task ':nextRevision' is not up-to-date because:
  Task has not declared any outputs despite executing actions.
:nextRevision (Thread[Execution worker for ':',5,main]) completed. Took 0.007 secs.
:getNextRev (Thread[Execution worker for ':',5,main]) started.

> Task :getNextRev
Task ':getNextRev' is not up-to-date because:
  Task has not declared any outputs despite executing actions.
Custom actions are attached to task ':getNextRev'.
lastRevForTarget=SNAPSHOT
nextRevForTarget=3
:getNextRev (Thread[Execution worker for ':',5,main]) completed. Took 0.001 secs.

BUILD SUCCESSFUL in 0s
2 actionable tasks: 2 executed

]]></system-out>
  <system-err><![CDATA[]]></system-err>
</testsuite>
