<?xml version="1.0" encoding="UTF-8"?>
<project xmlns="http://maven.apache.org/POM/4.0.0" xmlns:xsi="http://www.w3.org/2001/XMLSchema-instance"
         xsi:schemaLocation="http://maven.apache.org/POM/4.0.0 http://maven.apache.org/maven-v4_0_0.xsd">

    <modelVersion>4.0.0</modelVersion>
    <parent>
        <artifactId>x</artifactId>
        <groupId>y</groupId>
        <version>1.0</version>
    </parent>
    <artifactId>test-nested-withadd-bom</artifactId>
    <packaging>pom</packaging>
    <version>1.2</version>
    <name>whatever</name>
    <description>
    </description>
    <properties>
        <jamesbond.version>0.0.7</jamesbond.version>
    </properties>

    <dependencyManagement>
        <dependencies>
            <dependency>
                <groupId>test</groupId>
                <artifactId>test-bom</artifactId>
                <version>1.0</version>
                <type>pom</type>
            </dependency>
            <dependency>
                <groupId>org.test</groupId>
                <artifactId>jamesbond</artifactId>
                <version>${jamesbond.version}</version>
            </dependency>
        </dependencies>
    </dependencyManagement>
</project>
